Build started 20.01.2014 16:03:45.
     1>Project "C:\Users\Robin\Github\UCTDom\Console\Console\Console.vcxproj" on node 2 (build target(s)).
     1>PrepareForBuild:
         Creating directory "C:\Users\Robin\Github\UCTDom\Console\Debug\".
       InitializeBuildStatus:
         Creating "Debug\Console.unsuccessfulbuild" because "AlwaysCreate" was specified.
       ClCompile:
         C:\Program Files (x86)\Microsoft Visual Studio 10.0\VC\bin\CL.exe /c /ZI /nologo /W3 /WX- /Od /Oy- /D _MBCS /Gm /EHsc /RTC1 /MDd /GS /fp:precise /Zc:wchar_t /Zc:forScope /Fo"Debug\\" /Fd"Debug\vc100.pdb" /Gd /TP /analyze- /errorReport:prompt main.cpp
         main.cpp
       Link:
         C:\Program Files (x86)\Microsoft Visual Studio 10.0\VC\bin\link.exe /ERRORREPORT:PROMPT /OUT:"C:\Users\Robin\Github\UCTDom\Console\Debug\Console.exe" /NOLOGO kernel32.lib user32.lib gdi32.lib winspool.lib comdlg32.lib advapi32.lib shell32.lib ole32.lib oleaut32.lib uuid.lib odbc32.lib odbccp32.lib /MANIFEST /ManifestFile:"Debug\Console.exe.intermediate.manifest" /MANIFESTUAC:"level='asInvoker' uiAccess='false'" /DEBUG /PDB:"C:\Users\Robin\Github\UCTDom\Console\Debug\Console.pdb" /TLBID:1 /DYNAMICBASE /NXCOMPAT /IMPLIB:"C:\Users\Robin\Github\UCTDom\Console\Debug\Console.lib" /MACHINE:X86 Debug\main.obj
         Console.vcxproj -> C:\Users\Robin\Github\UCTDom\Console\Debug\Console.exe
       Manifest:
         C:\Program Files (x86)\Microsoft SDKs\Windows\v7.0A\bin\mt.exe /nologo /verbose /outputresource:"C:\Users\Robin\Github\UCTDom\Console\Debug\Console.exe;#1" /manifest Debug\Console.exe.intermediate.manifest
       FinalizeBuildStatus:
         Deleting file "Debug\Console.unsuccessfulbuild".
         Touching "Debug\Console.lastbuildstate".
     1>Done Building Project "C:\Users\Robin\Github\UCTDom\Console\Console\Console.vcxproj" (build target(s)).

Build succeeded.

Time Elapsed 00:00:00.96
